<?xml version="1.0" encoding="utf-8"?><testsuites name="pytest tests"><testsuite name="pytest" errors="0" failures="0" skipped="0" tests="6" time="1.640" timestamp="2026-04-16T03:16:12.868046+00:00" hostname="agent-env-e698052c-263f-4d0f-b7b3-2ca691d503e8"><testcase classname="backend.tests.test_iteration3_features.TestCategoriesEndpoint" name="test_categories_returns_all" time="0.291" /><testcase classname="backend.tests.test_iteration3_features.TestTopSellersEndpoint" name="test_top_sellers_default_limit_50" time="0.131" /><testcase classname="backend.tests.test_iteration3_features.TestTopSellersEndpoint" name="test_top_sellers_with_category_filter" time="0.337" /><testcase classname="backend.tests.test_iteration3_features.TestCustomerModeOrderCreation" name="test_order_creation_schema_validation" time="0.171" /><testcase classname="backend.tests.test_iteration3_features.TestHealthEndpoint" name="test_health" time="0.249" /><testcase classname="backend.tests.test_iteration3_features.TestSyncStatus" name="test_sync_status" time="0.359" /></testsuite></testsuites>