<?xml version="1.0" encoding="utf-8"?><testsuites name="pytest tests"><testsuite name="pytest" errors="0" failures="0" skipped="0" tests="14" time="27.181" timestamp="2026-04-16T03:36:58.570873+00:00" hostname="agent-env-e698052c-263f-4d0f-b7b3-2ca691d503e8"><testcase classname="backend.tests.test_iteration4_features.TestCustomerOrdersEndpoint" name="test_customer_orders_returns_list" time="0.185" /><testcase classname="backend.tests.test_iteration4_features.TestCustomerOrdersEndpoint" name="test_customer_orders_has_required_fields" time="0.136" /><testcase classname="backend.tests.test_iteration4_features.TestCustomerOrdersEndpoint" name="test_customer_orders_phone_filter" time="0.141" /><testcase classname="backend.tests.test_iteration4_features.TestCustomerOrdersEndpoint" name="test_customer_orders_min_phone_length" time="0.133" /><testcase classname="backend.tests.test_iteration4_features.TestCustomerOrderStatusEndpoint" name="test_order_status_returns_status" time="2.463" /><testcase classname="backend.tests.test_iteration4_features.TestCustomerOrderStatusEndpoint" name="test_order_status_unknown_order" time="2.307" /><testcase classname="backend.tests.test_iteration4_features.TestCustomerFavoritesEndpoint" name="test_favorites_returns_list" time="0.189" /><testcase classname="backend.tests.test_iteration4_features.TestCustomerFavoritesEndpoint" name="test_favorites_has_required_fields" time="0.139" /><testcase classname="backend.tests.test_iteration4_features.TestCustomerFavoritesEndpoint" name="test_favorites_sorted_by_purchase_count" time="0.146" /><testcase classname="backend.tests.test_iteration4_features.TestCustomerFavoritesEndpoint" name="test_favorites_limit_parameter" time="0.132" /><testcase classname="backend.tests.test_iteration4_features.TestCustomerFavoritesEndpoint" name="test_favorites_min_phone_length" time="0.130" /><testcase classname="backend.tests.test_iteration4_features.TestOrderCreationWithSede" name="test_order_schema_accepts_sede" time="6.751" /><testcase classname="backend.tests.test_iteration4_features.TestOrderCreationWithSede" name="test_sede_values" time="14.093" /><testcase classname="backend.tests.test_iteration4_features.TestHealthAndBasicEndpoints" name="test_health_endpoint" time="0.173" /></testsuite></testsuites>