<?xml version="1.0" encoding="utf-8"?><testsuites name="pytest tests"><testsuite name="pytest" errors="0" failures="0" skipped="0" tests="13" time="12.218" timestamp="2026-03-05T03:11:51.735413+00:00" hostname="agent-env-e698052c-263f-4d0f-b7b3-2ca691d503e8"><testcase classname="backend.tests.test_pos_api.TestHealthEndpoint" name="test_health_returns_ok" time="0.145" /><testcase classname="backend.tests.test_pos_api.TestProductsEndpoints" name="test_search_banano_returns_products" time="0.111" /><testcase classname="backend.tests.test_pos_api.TestProductsEndpoints" name="test_search_empty_returns_empty_list" time="0.112" /><testcase classname="backend.tests.test_pos_api.TestProductsEndpoints" name="test_top_sellers_returns_products" time="0.113" /><testcase classname="backend.tests.test_pos_api.TestProductsEndpoints" name="test_top_sellers_by_category" time="0.298" /><testcase classname="backend.tests.test_pos_api.TestProductsEndpoints" name="test_product_variations" time="0.237" /><testcase classname="backend.tests.test_pos_api.TestCategoriesEndpoint" name="test_categories_returns_list" time="0.116" /><testcase classname="backend.tests.test_pos_api.TestSyncEndpoints" name="test_sync_status_returns_info" time="0.119" /><testcase classname="backend.tests.test_pos_api.TestOrderEndpoints" name="test_order_schema_validation_only" time="10.380" /><testcase classname="backend.tests.test_pos_api.TestOrderEndpoints" name="test_recent_orders_endpoint" time="0.136" /><testcase classname="backend.tests.test_pos_api.TestOrderEndpoints" name="test_operators_endpoint" time="0.155" /><testcase classname="backend.tests.test_pos_api.TestOrderEndpoints" name="test_order_stats_endpoint" time="0.130" /><testcase classname="backend.tests.test_pos_api.TestSuggestedProducts" name="test_suggested_returns_top_5" time="0.115" /></testsuite></testsuites>