<?xml version="1.0" encoding="utf-8"?><testsuites name="pytest tests"><testsuite name="pytest" errors="0" failures="0" skipped="0" tests="13" time="26.290" timestamp="2026-03-05T03:33:14.601029+00:00" hostname="agent-env-e698052c-263f-4d0f-b7b3-2ca691d503e8"><testcase classname="test_pos_api.TestHealthEndpoint" name="test_health_returns_ok" time="0.239" /><testcase classname="test_pos_api.TestProductsEndpoints" name="test_search_banano_returns_products" time="0.346" /><testcase classname="test_pos_api.TestProductsEndpoints" name="test_search_empty_returns_empty_list" time="0.223" /><testcase classname="test_pos_api.TestProductsEndpoints" name="test_top_sellers_returns_products" time="0.205" /><testcase classname="test_pos_api.TestProductsEndpoints" name="test_top_sellers_by_category" time="0.358" /><testcase classname="test_pos_api.TestProductsEndpoints" name="test_product_variations" time="0.429" /><testcase classname="test_pos_api.TestCategoriesEndpoint" name="test_categories_returns_list" time="0.219" /><testcase classname="test_pos_api.TestSyncEndpoints" name="test_sync_status_returns_info" time="0.177" /><testcase classname="test_pos_api.TestOrderEndpoints" name="test_order_schema_validation_only" time="23.246" /><testcase classname="test_pos_api.TestOrderEndpoints" name="test_recent_orders_endpoint" time="0.208" /><testcase classname="test_pos_api.TestOrderEndpoints" name="test_operators_endpoint" time="0.203" /><testcase classname="test_pos_api.TestOrderEndpoints" name="test_order_stats_endpoint" time="0.202" /><testcase classname="test_pos_api.TestSuggestedProducts" name="test_suggested_returns_top_5" time="0.186" /></testsuite></testsuites>